{
  "stats": {
    "suites": 1,
    "tests": 1,
    "passes": 1,
    "pending": 0,
    "failures": 0,
    "start": "2021-08-30T15:54:53.990Z",
    "end": "2021-08-30T15:55:01.773Z",
    "duration": 7783,
    "testsRegistered": 1,
    "passPercent": 100,
    "pendingPercent": 0,
    "other": 0,
    "hasOther": false,
    "skipped": 0,
    "hasSkipped": false
  },
  "results": [
    {
      "uuid": "46a3e564-e2f6-437f-b2a5-e42f5f82bb31",
      "title": "",
      "fullFile": "cypress/integration/SFgoogle.spec.js",
      "file": "cypress/integration/SFgoogle.spec.js",
      "beforeHooks": [],
      "afterHooks": [],
      "tests": [],
      "suites": [
        {
          "uuid": "5635846f-39dd-4ebf-a15a-4587e902dbaa",
          "title": "Google page testing",
          "fullFile": "",
          "file": "",
          "beforeHooks": [],
          "afterHooks": [],
          "tests": [
            {
              "title": "Google page",
              "fullTitle": "Google page testing Google page",
              "timedOut": null,
              "duration": 6064,
              "state": "passed",
              "speed": "slow",
              "pass": true,
              "fail": false,
              "pending": false,
              "context": "{\n  \"title\": \"Testcase status:\",\n  \"value\": \"The Google page passed!!!\"\n}",
              "code": "",
              "err": {},
              "uuid": "3cda09e6-da31-41e1-973e-f105f5145add",
              "parentUUID": "5635846f-39dd-4ebf-a15a-4587e902dbaa",
              "isHook": false,
              "skipped": false
            }
          ],
          "suites": [],
          "passes": [
            "3cda09e6-da31-41e1-973e-f105f5145add"
          ],
          "failures": [],
          "pending": [],
          "skipped": [],
          "duration": 6064,
          "root": false,
          "rootEmpty": false,
          "_timeout": 2000
        }
      ],
      "passes": [],
      "failures": [],
      "pending": [],
      "skipped": [],
      "duration": 0,
      "root": true,
      "rootEmpty": true,
      "_timeout": 2000
    }
  ],
  "meta": {
    "mocha": {
      "version": "7.0.1"
    },
    "mochawesome": {
      "options": {
        "quiet": false,
        "reportFilename": "mochawesome",
        "saveHtml": false,
        "saveJson": true,
        "consoleReporter": "spec",
        "useInlineDiffs": false,
        "code": false
      },
      "version": "6.2.2"
    },
    "marge": {
      "options": {
        "id": "default",
        "reportDir": "cypress/reports/mocha",
        "quite": true,
        "overwrite": false,
        "html": false,
        "json": true,
        "code": false
      },
      "version": "5.2.0"
    }
  }
}